SF:lib/data/respositories/connectivity_repository_impl.dart
DA:11,1
DA:21,1
DA:23,3
DA:26,2
DA:27,1
DA:32,1
DA:34,2
DA:38,2
DA:39,2
DA:40,1
DA:44,1
DA:46,2
DA:50,2
DA:51,1
DA:52,1
DA:56,1
DA:58,3
LF:17
LH:17
end_of_record
SF:lib/domain/entities/connetivity.dart
DA:4,3
LF:1
LH:1
end_of_record
SF:lib/data/respositories/character_repository_impl.dart
DA:13,1
DA:20,1
DA:22,2
DA:23,1
DA:24,2
DA:27,4
DA:30,1
DA:32,2
DA:35,3
DA:36,3
DA:39,1
DA:41,1
DA:42,2
DA:43,2
DA:44,4
DA:46,1
DA:49,1
DA:51,1
DA:52,2
DA:53,2
DA:54,4
DA:56,1
DA:59,1
DA:61,2
DA:62,1
DA:63,1
DA:64,1
DA:65,3
DA:66,1
LF:29
LH:29
end_of_record
SF:lib/data/respositories/http_repository_impl.dart
DA:7,0
DA:8,0
DA:9,0
DA:10,0
DA:11,0
DA:12,0
DA:14,0
DA:15,0
DA:16,0
DA:22,0
DA:35,0
DA:36,0
DA:37,0
DA:38,0
DA:39,0
DA:40,0
DA:41,0
DA:42,0
DA:47,0
DA:52,0
DA:60,0
DA:67,0
LF:22
LH:0
end_of_record
SF:lib/data/respositories/storage_repository_impl.dart
DA:7,0
DA:9,0
DA:11,0
DA:12,0
DA:13,0
DA:16,0
DA:18,0
DA:20,0
DA:21,0
DA:25,0
DA:27,0
DA:29,0
DA:31,0
DA:33,0
DA:34,0
DA:40,0
DA:42,0
LF:17
LH:0
end_of_record
SF:lib/domain/entities/character.dart
DA:4,10
DA:55,0
DA:58,0
DA:61,0
DA:62,0
DA:63,0
DA:65,0
DA:73,3
DA:76,1
DA:77,5
DA:80,1
DA:81,5
DA:84,6
LF:13
LH:7
end_of_record
SF:lib/domain/entities/recordset.dart
DA:6,4
DA:26,0
DA:29,0
DA:32,4
LF:4
LH:2
end_of_record
SF:lib/domain/observable/connection_observable.dart
DA:9,1
DA:10,1
DA:16,1
DA:18,2
DA:19,1
DA:24,1
DA:25,1
DA:28,0
DA:30,0
DA:33,0
DA:35,0
DA:38,1
DA:40,1
DA:41,0
LF:14
LH:9
end_of_record
SF:lib/domain/use_cases/append_characters_to_list_use_case.dart
DA:8,1
DA:11,1
DA:15,2
DA:16,2
DA:17,1
DA:18,1
DA:19,2
LF:7
LH:7
end_of_record
SF:lib/domain/use_cases/get_character_homeworld_use_case.dart
DA:7,1
DA:13,1
DA:14,1
DA:18,3
LF:4
LH:4
end_of_record
SF:lib/domain/use_cases/get_character_starships_use_case.dart
DA:7,1
DA:13,1
DA:14,1
DA:18,3
LF:4
LH:4
end_of_record
SF:lib/domain/use_cases/get_character_vehicles_use_case.dart
DA:7,1
DA:13,1
DA:14,1
DA:18,3
LF:4
LH:4
end_of_record
SF:lib/domain/use_cases/get_characters_use_case.dart
DA:7,1
DA:13,1
DA:14,2
LF:3
LH:3
end_of_record
SF:lib/domain/use_cases/get_connectivity_status_use_case.dart
DA:7,1
DA:13,1
DA:14,2
LF:3
LH:3
end_of_record
SF:lib/domain/use_cases/report_character_use_case.dart
DA:7,1
DA:13,1
DA:14,2
DA:15,1
LF:4
LH:4
end_of_record
SF:lib/domain/use_cases/toggle_connectivity_status_use_case.dart
DA:7,1
DA:13,1
DA:18,2
DA:21,2
DA:22,1
DA:26,2
DA:27,1
DA:30,1
DA:31,0
DA:32,0
LF:10
LH:8
end_of_record
SF:lib/data/model/character_model.dart
DA:8,10
DA:56,10
DA:57,10
DA:58,10
DA:59,10
DA:60,10
DA:61,10
DA:62,10
DA:63,10
DA:64,10
DA:65,10
DA:66,10
DA:67,20
DA:68,10
DA:69,10
DA:70,20
DA:71,10
DA:72,10
DA:77,0
DA:78,0
DA:79,0
DA:80,0
DA:81,0
DA:82,0
DA:83,0
DA:84,0
DA:85,0
DA:86,0
DA:87,0
DA:88,0
DA:89,0
DA:94,20
DA:95,10
DA:96,10
DA:97,10
DA:98,10
DA:99,10
DA:100,10
DA:101,10
DA:102,10
DA:103,10
DA:104,10
DA:105,10
LF:43
LH:30
end_of_record
SF:lib/data/model/character_record_model.dart
DA:8,1
DA:28,1
DA:29,1
DA:30,1
DA:31,1
DA:32,1
DA:33,1
DA:34,1
DA:35,1
DA:36,2
DA:38,1
DA:43,1
DA:44,1
DA:45,1
DA:46,1
DA:47,1
DA:48,1
LF:17
LH:17
end_of_record
SF:lib/data/model/connecitivity_model.g.dart
DA:13,0
DA:15,0
DA:16,0
DA:17,0
DA:19,0
DA:20,0
DA:24,0
DA:27,0
DA:28,0
DA:29,0
DA:32,0
DA:33,0
DA:35,0
DA:38,0
DA:39,0
DA:40,0
LF:16
LH:0
end_of_record
SF:lib/data/model/connecitivity_model.dart
DA:10,1
DA:17,1
DA:18,1
DA:19,1
DA:24,2
DA:25,1
DA:29,2
DA:30,1
LF:8
LH:8
end_of_record
SF:lib/domain/observable/observable.dart
DA:12,0
LF:1
LH:0
end_of_record
SF:lib/domain/observable/observer.dart
DA:4,0
LF:1
LH:0
end_of_record
SF:lib/presentation/screens/details/cubit/character_details_state.dart
DA:15,1
DA:24,1
LF:2
LH:2
end_of_record
SF:lib/presentation/screens/details/cubit/character_details_cubit.dart
DA:12,1
DA:16,2
DA:28,1
DA:30,2
DA:32,2
DA:33,2
DA:34,2
DA:36,2
DA:38,2
LF:9
LH:9
end_of_record
SF:lib/presentation/screens/details/cubit/report_button_state.dart
DA:18,1
DA:30,0
DA:39,0
LF:3
LH:1
end_of_record
SF:lib/presentation/screens/details/cubit/report_button_cubit.dart
DA:12,1
DA:15,2
DA:24,1
DA:26,2
DA:27,2
DA:28,2
DA:30,2
DA:35,0
DA:37,0
DA:38,0
DA:39,0
DA:41,0
DA:42,0
LF:13
LH:7
end_of_record
SF:lib/presentation/screens/list/cubit/character_list_cubit.dart
DA:13,1
DA:16,2
DA:25,1
DA:30,2
DA:31,2
DA:32,2
DA:34,2
DA:36,2
LF:8
LH:8
end_of_record
SF:lib/presentation/screens/list/cubit/character_list_state.dart
DA:15,1
DA:24,1
LF:2
LH:2
end_of_record
